0 info it worked if it ends with ok
1 verbose cli [ 'node',
1 verbose cli   '/Users/gabrielsilk/.nvm/v0.10.30/bin/npm',
1 verbose cli   'install',
1 verbose cli   '--save',
1 verbose cli   'bluebirs' ]
2 info using npm@2.1.8
3 info using node@v0.10.30
4 warn package.json octo@0.0.1 No repository field.
5 warn package.json octo@0.0.1 No README data
6 silly cache add args [ 'bluebirs', null ]
7 verbose cache add spec bluebirs
8 silly cache add parsed spec { raw: 'bluebirs',
8 silly cache add   scope: null,
8 silly cache add   name: 'bluebirs',
8 silly cache add   rawSpec: '',
8 silly cache add   spec: '*',
8 silly cache add   type: 'range' }
9 verbose addNamed bluebirs@*
10 silly addNamed semver.valid null
11 silly addNamed semver.validRange *
12 silly addNameRange { name: 'bluebirs', range: '*', hasData: false }
13 silly mapToRegistry name bluebirs
14 silly mapToRegistry using default registry
15 silly mapToRegistry registry https://registry.npmjs.org/
16 silly mapToRegistry uri https://registry.npmjs.org/bluebirs
17 verbose addNameRange registry:https://registry.npmjs.org/bluebirs not in flight; fetching
18 verbose request uri https://registry.npmjs.org/bluebirs
19 verbose request no auth needed
20 info attempt registry request try #1 at 14:29:04
21 verbose request id 71cf897b395b176b
22 http request GET https://registry.npmjs.org/bluebirs
23 http 404 https://registry.npmjs.org/bluebirs
24 verbose headers { date: 'Thu, 11 Dec 2014 22:29:04 GMT',
24 verbose headers   server: 'CouchDB/1.5.0 (Erlang OTP/R16B03)',
24 verbose headers   'content-type': 'application/json',
24 verbose headers   'cache-control': 'max-age=0',
24 verbose headers   'content-length': '52',
24 verbose headers   'accept-ranges': 'bytes',
24 verbose headers   via: '1.1 varnish',
24 verbose headers   age: '0',
24 verbose headers   'x-served-by': 'cache-lax1429-LAX',
24 verbose headers   'x-cache': 'MISS',
24 verbose headers   'x-cache-hits': '0',
24 verbose headers   'x-timer': 'S1418336944.278993,VS0,VE75',
24 verbose headers   'keep-alive': 'timeout=10, max=50',
24 verbose headers   connection: 'Keep-Alive' }
25 silly get cb [ 404,
25 silly get   { date: 'Thu, 11 Dec 2014 22:29:04 GMT',
25 silly get     server: 'CouchDB/1.5.0 (Erlang OTP/R16B03)',
25 silly get     'content-type': 'application/json',
25 silly get     'cache-control': 'max-age=0',
25 silly get     'content-length': '52',
25 silly get     'accept-ranges': 'bytes',
25 silly get     via: '1.1 varnish',
25 silly get     age: '0',
25 silly get     'x-served-by': 'cache-lax1429-LAX',
25 silly get     'x-cache': 'MISS',
25 silly get     'x-cache-hits': '0',
25 silly get     'x-timer': 'S1418336944.278993,VS0,VE75',
25 silly get     'keep-alive': 'timeout=10, max=50',
25 silly get     connection: 'Keep-Alive' } ]
26 verbose stack Error: 404 Not Found: bluebirs
26 verbose stack     at CachingRegistryClient.<anonymous> (/Users/gabrielsilk/.nvm/v0.10.30/lib/node_modules/npm/node_modules/npm-registry-client/lib/request.js:232:14)
26 verbose stack     at Request._callback (/Users/gabrielsilk/.nvm/v0.10.30/lib/node_modules/npm/node_modules/npm-registry-client/lib/request.js:172:14)
26 verbose stack     at Request.self.callback (/Users/gabrielsilk/.nvm/v0.10.30/lib/node_modules/npm/node_modules/request/request.js:372:22)
26 verbose stack     at Request.emit (events.js:98:17)
26 verbose stack     at Request.<anonymous> (/Users/gabrielsilk/.nvm/v0.10.30/lib/node_modules/npm/node_modules/request/request.js:1310:14)
26 verbose stack     at Request.emit (events.js:117:20)
26 verbose stack     at IncomingMessage.<anonymous> (/Users/gabrielsilk/.nvm/v0.10.30/lib/node_modules/npm/node_modules/request/request.js:1258:12)
26 verbose stack     at IncomingMessage.emit (events.js:117:20)
26 verbose stack     at _stream_readable.js:938:16
26 verbose stack     at process._tickCallback (node.js:419:13)
27 verbose statusCode 404
28 verbose pkgid bluebirs
29 verbose cwd /Users/gabrielsilk/Documents/nomic/octo
30 error Darwin 14.0.0
31 error argv "node" "/Users/gabrielsilk/.nvm/v0.10.30/bin/npm" "install" "--save" "bluebirs"
32 error node v0.10.30
33 error npm  v2.1.8
34 error code E404
35 error 404 Not Found: bluebirs
35 error 404
35 error 404 'bluebirs' is not in the npm registry.
35 error 404 You should bug the author to publish it (or use the name yourself!)
35 error 404 It was specified as a dependency of 'octo'
35 error 404
35 error 404 Note that you can also install from a
35 error 404 tarball, folder, http url, or git url.
36 verbose exit [ 1, true ]
